2007.10.30 15:01 B C:\jakarta-tomcat-5.0.19\webapps\uki\fckeditor\editor\lang\af.js --> rmsjp.com /public_html/fckeditor/editor/lang af.js
2007.10.30 15:01 B C:\jakarta-tomcat-5.0.19\webapps\uki\fckeditor\editor\lang\ar.js --> rmsjp.com /public_html/fckeditor/editor/lang ar.js
2007.10.30 15:01 B C:\jakarta-tomcat-5.0.19\webapps\uki\fckeditor\editor\lang\bg.js --> rmsjp.com /public_html/fckeditor/editor/lang bg.js
2007.10.30 15:01 B C:\jakarta-tomcat-5.0.19\webapps\uki\fckeditor\editor\lang\bn.js --> rmsjp.com /public_html/fckeditor/editor/lang bn.js
2007.10.30 15:01 B C:\jakarta-tomcat-5.0.19\webapps\uki\fckeditor\editor\lang\da.js --> rmsjp.com /public_html/fckeditor/editor/lang da.js
2007.10.30 15:01 B C:\jakarta-tomcat-5.0.19\webapps\uki\fckeditor\editor\lang\de.js --> rmsjp.com /public_html/fckeditor/editor/lang de.js
2007.10.30 15:01 B C:\jakarta-tomcat-5.0.19\webapps\uki\fckeditor\editor\lang\el.js --> rmsjp.com /public_html/fckeditor/editor/lang el.js
2007.10.30 15:01 B C:\jakarta-tomcat-5.0.19\webapps\uki\fckeditor\editor\lang\en-au.js --> rmsjp.com /public_html/fckeditor/editor/lang en-au.js
2007.10.30 15:01 B C:\jakarta-tomcat-5.0.19\webapps\uki\fckeditor\editor\lang\en-ca.js --> rmsjp.com /public_html/fckeditor/editor/lang en-ca.js
2007.10.30 15:01 B C:\jakarta-tomcat-5.0.19\webapps\uki\fckeditor\editor\lang\en-uk.js --> rmsjp.com /public_html/fckeditor/editor/lang en-uk.js
2007.10.30 15:01 B C:\jakarta-tomcat-5.0.19\webapps\uki\fckeditor\editor\lang\en.js --> rmsjp.com /public_html/fckeditor/editor/lang en.js
2007.10.30 15:01 B C:\jakarta-tomcat-5.0.19\webapps\uki\fckeditor\editor\lang\eo.js --> rmsjp.com /public_html/fckeditor/editor/lang eo.js
2007.10.30 15:01 B C:\jakarta-tomcat-5.0.19\webapps\uki\fckeditor\editor\lang\fr.js --> rmsjp.com /public_html/fckeditor/editor/lang fr.js
2007.10.30 15:01 B C:\jakarta-tomcat-5.0.19\webapps\uki\fckeditor\editor\lang\gl.js --> rmsjp.com /public_html/fckeditor/editor/lang gl.js
2007.10.30 15:01 B C:\jakarta-tomcat-5.0.19\webapps\uki\fckeditor\editor\lang\hi.js --> rmsjp.com /public_html/fckeditor/editor/lang hi.js
2007.10.30 15:01 B C:\jakarta-tomcat-5.0.19\webapps\uki\fckeditor\editor\lang\hr.js --> rmsjp.com /public_html/fckeditor/editor/lang hr.js
2007.10.30 15:01 B C:\jakarta-tomcat-5.0.19\webapps\uki\fckeditor\editor\lang\it.js --> rmsjp.com /public_html/fckeditor/editor/lang it.js
2007.10.30 15:01 B C:\jakarta-tomcat-5.0.19\webapps\uki\fckeditor\editor\lang\ja.js --> rmsjp.com /public_html/fckeditor/editor/lang ja.js
2007.10.30 15:01 B C:\jakarta-tomcat-5.0.19\webapps\uki\fckeditor\editor\lang\lt.js --> rmsjp.com /public_html/fckeditor/editor/lang lt.js
2007.10.30 15:01 B C:\jakarta-tomcat-5.0.19\webapps\uki\fckeditor\editor\lang\lv.js --> rmsjp.com /public_html/fckeditor/editor/lang lv.js
2007.10.30 15:01 B C:\jakarta-tomcat-5.0.19\webapps\uki\fckeditor\editor\lang\mn.js --> rmsjp.com /public_html/fckeditor/editor/lang mn.js
2007.10.30 15:01 B C:\jakarta-tomcat-5.0.19\webapps\uki\fckeditor\editor\lang\ms.js --> rmsjp.com /public_html/fckeditor/editor/lang ms.js
2007.10.30 15:01 B C:\jakarta-tomcat-5.0.19\webapps\uki\fckeditor\editor\lang\nl.js --> rmsjp.com /public_html/fckeditor/editor/lang nl.js
2007.10.30 15:01 B C:\jakarta-tomcat-5.0.19\webapps\uki\fckeditor\editor\lang\pl.js --> rmsjp.com /public_html/fckeditor/editor/lang pl.js
2007.10.30 15:01 B C:\jakarta-tomcat-5.0.19\webapps\uki\fckeditor\editor\lang\pt-br.js --> rmsjp.com /public_html/fckeditor/editor/lang pt-br.js
2007.10.30 15:01 B C:\jakarta-tomcat-5.0.19\webapps\uki\fckeditor\editor\lang\pt.js --> rmsjp.com /public_html/fckeditor/editor/lang pt.js
2007.10.30 15:01 B C:\jakarta-tomcat-5.0.19\webapps\uki\fckeditor\editor\lang\ro.js --> rmsjp.com /public_html/fckeditor/editor/lang ro.js
2007.10.30 15:01 B C:\jakarta-tomcat-5.0.19\webapps\uki\fckeditor\editor\lang\ru.js --> rmsjp.com /public_html/fckeditor/editor/lang ru.js
2007.10.30 15:01 B C:\jakarta-tomcat-5.0.19\webapps\uki\fckeditor\editor\lang\sl.js --> rmsjp.com /public_html/fckeditor/editor/lang sl.js
2007.10.30 15:01 B C:\jakarta-tomcat-5.0.19\webapps\uki\fckeditor\editor\lang\sr-latn.js --> rmsjp.com /public_html/fckeditor/editor/lang sr-latn.js
2007.10.30 15:01 B C:\jakarta-tomcat-5.0.19\webapps\uki\fckeditor\editor\lang\sr.js --> rmsjp.com /public_html/fckeditor/editor/lang sr.js
2007.10.30 15:01 B C:\jakarta-tomcat-5.0.19\webapps\uki\fckeditor\editor\lang\th.js --> rmsjp.com /public_html/fckeditor/editor/lang th.js
2007.10.30 15:01 B C:\jakarta-tomcat-5.0.19\webapps\uki\fckeditor\editor\lang\tr.js --> rmsjp.com /public_html/fckeditor/editor/lang tr.js
2007.10.30 15:01 B C:\jakarta-tomcat-5.0.19\webapps\uki\fckeditor\editor\lang\zh-cn.js --> rmsjp.com /public_html/fckeditor/editor/lang zh-cn.js
2007.10.30 15:01 B C:\jakarta-tomcat-5.0.19\webapps\uki\fckeditor\editor\lang\zh.js --> rmsjp.com /public_html/fckeditor/editor/lang zh.js
