2010.03.02 17:16 B C:\Users\user\Desktop\project\문서_orms\orms\rms\image\user\btn_bic_kakunin.gif <-- olympus-rms.com /public_html/rms/image/user btn_bic_kakunin.gif
2010.03.02 17:16 B C:\Users\user\Desktop\project\문서_orms\orms\rms\image\user\btn_big_send.gif <-- olympus-rms.com /public_html/rms/image/user btn_big_send.gif
2010.03.02 17:16 B C:\Users\user\Desktop\project\문서_orms\orms\rms\image\user\icon_denger_big.gif <-- olympus-rms.com /public_html/rms/image/user icon_denger_big.gif
2010.03.02 17:16 B C:\Users\user\Desktop\project\문서_orms\orms\rms\image\user\layer_news_x.gif <-- olympus-rms.com /public_html/rms/image/user layer_news_x.gif
2010.03.02 17:16 B C:\Users\user\Desktop\project\문서_orms\orms\rms\image\user\login_pop_b2_j.gif <-- olympus-rms.com /public_html/rms/image/user login_pop_b2_j.gif
2010.03.02 17:16 B C:\Users\user\Desktop\project\문서_orms\orms\rms\image\user\login_pop_btn.gif <-- olympus-rms.com /public_html/rms/image/user login_pop_btn.gif
2010.03.02 17:16 B C:\Users\user\Desktop\project\문서_orms\orms\rms\image\user\login_pop_btn_j.gif <-- olympus-rms.com /public_html/rms/image/user login_pop_btn_j.gif
2010.03.02 17:16 B C:\Users\user\Desktop\project\문서_orms\orms\rms\image\user\noImg_450.gif <-- olympus-rms.com /public_html/rms/image/user noImg_450.gif
2010.03.02 17:16 B C:\Users\user\Desktop\project\문서_orms\orms\rms\image\user\pop_bg.gif <-- olympus-rms.com /public_html/rms/image/user pop_bg.gif
2010.03.02 17:16 B C:\Users\user\Desktop\project\문서_orms\orms\rms\image\user\pop_bg_02.gif <-- olympus-rms.com /public_html/rms/image/user pop_bg_02.gif
2010.03.02 17:16 B C:\Users\user\Desktop\project\문서_orms\orms\rms\image\user\pop_bg_03.gif <-- olympus-rms.com /public_html/rms/image/user pop_bg_03.gif
2010.03.02 17:16 B C:\Users\user\Desktop\project\문서_orms\orms\rms\image\user\pop_btn_mem.gif <-- olympus-rms.com /public_html/rms/image/user pop_btn_mem.gif
2010.03.02 17:16 B C:\Users\user\Desktop\project\문서_orms\orms\rms\image\user\pop_close.gif <-- olympus-rms.com /public_html/rms/image/user pop_close.gif
2010.03.02 17:16 B C:\Users\user\Desktop\project\문서_orms\orms\rms\image\user\pop_close_j.gif <-- olympus-rms.com /public_html/rms/image/user pop_close_j.gif
2010.03.02 17:16 B C:\Users\user\Desktop\project\문서_orms\orms\rms\image\user\pop_login_title_j.gif <-- olympus-rms.com /public_html/rms/image/user pop_login_title_j.gif
2010.03.02 17:16 B C:\Users\user\Desktop\project\문서_orms\orms\rms\image\user\pop_title_idcheck_j.gif <-- olympus-rms.com /public_html/rms/image/user pop_title_idcheck_j.gif
2010.03.02 17:16 B C:\Users\user\Desktop\project\문서_orms\orms\rms\image\user\pop_title_idsch_j.gif <-- olympus-rms.com /public_html/rms/image/user pop_title_idsch_j.gif
2010.03.02 17:16 B C:\Users\user\Desktop\project\문서_orms\orms\rms\image\user\product_bg.gif <-- olympus-rms.com /public_html/rms/image/user product_bg.gif
2010.03.02 17:16 B C:\Users\user\Desktop\project\문서_orms\orms\rms\image\user\product_img01.gif <-- olympus-rms.com /public_html/rms/image/user product_img01.gif
2010.03.02 17:16 B C:\Users\user\Desktop\project\문서_orms\orms\rms\image\user\product_img02.gif <-- olympus-rms.com /public_html/rms/image/user product_img02.gif
2010.03.02 17:16 B C:\Users\user\Desktop\project\문서_orms\orms\rms\image\user\product_img03.gif <-- olympus-rms.com /public_html/rms/image/user product_img03.gif
2010.03.02 17:16 B C:\Users\user\Desktop\project\문서_orms\orms\rms\image\user\product_img04.gif <-- olympus-rms.com /public_html/rms/image/user product_img04.gif
2010.03.02 17:16 B C:\Users\user\Desktop\project\문서_orms\orms\rms\image\user\title_board_passLayer.gif <-- olympus-rms.com /public_html/rms/image/user title_board_passLayer.gif
2010.03.02 17:16 B C:\Users\user\Desktop\project\문서_orms\orms\rms\image\user\zip_jirusi_03.gif <-- olympus-rms.com /public_html/rms/image/user zip_jirusi_03.gif
